{"uid":"f7e06c482002ad9a","name":"Twitter link","fullName":"Tests.test_SocialMediaLinks.TestLogin#test_1","historyId":"f3d4fdd619ae32f73e46d5a7dc8251a4","time":{"start":1737700589021,"stop":1737700591125,"duration":2104},"status":"failed","statusMessage":"AssertionError: FAILURE: assert 'Profile' == 'Sauce Labs'\n  \n  - Sauce Labs\n  + Profile\ntest_SocialMediaLinks.py:23 in test_1() -> with check, allure.step(\"Check twitter heather tex\"):\ntest_SocialMediaLinks.py:25 in test_1 -> assert home_page_obj.get_twitter_heather_text() == \"Sauce Labs\"\nAssertionError: assert 'Profile' == 'Sauce Labs'\n  \n  - Sauce Labs\n  + Profile\n\n\n------------------------------------------------------------\nFailed Checks: 1","statusTrace":"FAILURE: assert 'Profile' == 'Sauce Labs'\n  \n  - Sauce Labs\n  + Profile\ntest_SocialMediaLinks.py:23 in test_1() -> with check, allure.step(\"Check twitter heather tex\"):\ntest_SocialMediaLinks.py:25 in test_1 -> assert home_page_obj.get_twitter_heather_text() == \"Sauce Labs\"\nAssertionError: assert 'Profile' == 'Sauce Labs'\n  \n  - Sauce Labs\n  + Profile\n\n\n------------------------------------------------------------\nFailed Checks: 1","flaky":false,"newFailed":true,"newBroken":false,"newPassed":false,"retriesCount":0,"retriesStatusChange":false,"beforeStages":[{"name":"driver","time":{"start":1737700588801,"stop":1737700589020,"duration":219},"status":"passed","steps":[],"attachments":[],"parameters":[],"shouldDisplayMessage":false,"stepsCount":0,"attachmentsCount":0,"hasContent":false,"attachmentStep":false}],"testStage":{"status":"failed","statusMessage":"AssertionError: FAILURE: assert 'Profile' == 'Sauce Labs'\n  \n  - Sauce Labs\n  + Profile\ntest_SocialMediaLinks.py:23 in test_1() -> with check, allure.step(\"Check twitter heather tex\"):\ntest_SocialMediaLinks.py:25 in test_1 -> assert home_page_obj.get_twitter_heather_text() == \"Sauce Labs\"\nAssertionError: assert 'Profile' == 'Sauce Labs'\n  \n  - Sauce Labs\n  + Profile\n\n\n------------------------------------------------------------\nFailed Checks: 1","statusTrace":"FAILURE: assert 'Profile' == 'Sauce Labs'\n  \n  - Sauce Labs\n  + Profile\ntest_SocialMediaLinks.py:23 in test_1() -> with check, allure.step(\"Check twitter heather tex\"):\ntest_SocialMediaLinks.py:25 in test_1 -> assert home_page_obj.get_twitter_heather_text() == \"Sauce Labs\"\nAssertionError: assert 'Profile' == 'Sauce Labs'\n  \n  - Sauce Labs\n  + Profile\n\n\n------------------------------------------------------------\nFailed Checks: 1","steps":[{"name":"Check twitter heather tex","time":{"start":1737700589477,"stop":1737700591066,"duration":1589},"status":"failed","statusMessage":"AssertionError: assert 'Profile' == 'Sauce Labs'\n  \n  - Sauce Labs\n  + Profile\n","statusTrace":"  File \"/home/runner/work/new_demo_project/new_demo_project/Tests/test_SocialMediaLinks.py\", line 25, in test_1\n    assert home_page_obj.get_twitter_heather_text() == \"Sauce Labs\"\n","steps":[],"attachments":[],"parameters":[],"shouldDisplayMessage":true,"stepsCount":0,"attachmentsCount":0,"hasContent":true,"attachmentStep":false}],"attachments":[],"parameters":[],"shouldDisplayMessage":true,"stepsCount":1,"attachmentsCount":0,"hasContent":true,"attachmentStep":false},"afterStages":[{"name":"driver::0","time":{"start":1737700594339,"stop":1737700594415,"duration":76},"status":"passed","steps":[],"attachments":[],"parameters":[],"shouldDisplayMessage":false,"stepsCount":0,"attachmentsCount":0,"hasContent":false,"attachmentStep":false}],"labels":[{"name":"severity","value":"normal"},{"name":"feature","value":"Social Media Links"},{"name":"parentSuite","value":"Tests"},{"name":"suite","value":"test_SocialMediaLinks"},{"name":"subSuite","value":"TestLogin"},{"name":"host","value":"fv-az1692-775"},{"name":"thread","value":"1940-MainThread"},{"name":"framework","value":"pytest"},{"name":"language","value":"cpython3"},{"name":"package","value":"Tests.test_SocialMediaLinks"},{"name":"resultFormat","value":"allure2"}],"parameters":[{"name":"driver","value":"'Chrome'"}],"links":[],"hidden":false,"retry":false,"extra":{"severity":"normal","retries":[],"categories":[{"name":"Product defects","matchedStatuses":[],"flaky":false}],"history":{"statistic":{"failed":1,"broken":1,"skipped":0,"passed":0,"unknown":0,"total":2},"items":[{"uid":"cf1b074ca5419d08","reportUrl":"https://Simeon-Zografov.github.io/new_demo_project/5//#testresult/cf1b074ca5419d08","status":"broken","statusDetails":"selenium.common.exceptions.StaleElementReferenceException: Message: stale element reference: stale element not found in the current frame\n  (Session info: chrome=132.0.6834.83); For documentation on this error, please visit: https://www.selenium.dev/documentation/webdriver/troubleshooting/errors#stale-element-reference-exception\nStacktrace:\n#0 0x5598cd1487ca <unknown>\n#1 0x5598ccc402f0 <unknown>\n#2 0x5598ccc462f1 <unknown>\n#3 0x5598ccc48988 <unknown>\n#4 0x5598ccc48a13 <unknown>\n#5 0x5598ccc8a608 <unknown>\n#6 0x5598cccb49b2 <unknown>\n#7 0x5598ccc83b78 <unknown>\n#8 0x5598cccb4b7e <unknown>\n#9 0x5598cccd33b3 <unknown>\n#10 0x5598cccb4753 <unknown>\n#11 0x5598ccc81baa <unknown>\n#12 0x5598ccc82dfe <unknown>\n#13 0x5598cd11338b <unknown>\n#14 0x5598cd117307 <unknown>\n#15 0x5598cd0ffe7c <unknown>\n#16 0x5598cd117ec7 <unknown>\n#17 0x5598cd0e424f <unknown>\n#18 0x5598cd1372f8 <unknown>\n#19 0x5598cd1374c0 <unknown>\n#20 0x5598cd147646 <unknown>\n#21 0x7f881d89ca94 <unknown>\n#22 0x7f881d929c3c <unknown>","time":{"start":1737700024773,"stop":1737700026654,"duration":1881}}]},"tags":[]},"source":"f7e06c482002ad9a.json","parameterValues":["'Chrome'"]}