{"name": "Manually open new tab", "status": "broken", "statusDetails": {"message": "selenium.common.exceptions.NoSuchElementException: Message: no such element: Unable to locate element: {\"method\":\"xpath\",\"selector\":\"//li[@class='social_twitter']/a\"}\n  (Session info: chrome=132.0.6834.83); For documentation on this error, please visit: https://www.selenium.dev/documentation/webdriver/troubleshooting/errors#no-such-element-exception\nStacktrace:\n#0 0x5598cd1487ca <unknown>\n#1 0x5598ccc402f0 <unknown>\n#2 0x5598ccc90035 <unknown>\n#3 0x5598ccc90251 <unknown>\n#4 0x5598cccd6054 <unknown>\n#5 0x5598cccb49dd <unknown>\n#6 0x5598cccd33b3 <unknown>\n#7 0x5598cccb4753 <unknown>\n#8 0x5598ccc81baa <unknown>\n#9 0x5598ccc82dfe <unknown>\n#10 0x5598cd11338b <unknown>\n#11 0x5598cd117307 <unknown>\n#12 0x5598cd0ffe7c <unknown>\n#13 0x5598cd117ec7 <unknown>\n#14 0x5598cd0e424f <unknown>\n#15 0x5598cd1372f8 <unknown>\n#16 0x5598cd1374c0 <unknown>\n#17 0x5598cd147646 <unknown>\n#18 0x7f881d89ca94 <unknown>\n#19 0x7f881d929c3c <unknown>", "trace": "self = <Tests.test_SocialMediaLinks.TestLogin object at 0x7f65f5865290>\ndriver = <selenium.webdriver.chrome.webdriver.WebDriver (session=\"d611a51c5d0025ff1f6d50448f2d7f8d\")>\n\n    @severity(severity_level.NORMAL)\n    @allure.feature('Social Media Links')\n    @allure.title('Manually open new tab')\n    def test_2(self, driver):\n        home_page_obj = HomePage(driver)\n>       twitter_url = home_page_obj.get_twitter_button_url()\n\nTests/test_SocialMediaLinks.py:34: \n_ _ _ _ _ _ _ _ _ _ _ _ _ _ _ _ _ _ _ _ _ _ _ _ _ _ _ _ _ _ _ _ _ _ _ _ _ _ _ _ \nPages/HomePage.py:49: in get_twitter_button_url\n    return self.driver.find_element(*self.twitter_button).get_attribute(\"href\")\n/opt/hostedtoolcache/Python/3.11.11/x64/lib/python3.11/site-packages/selenium/webdriver/remote/webdriver.py:741: in find_element\n    return self.execute(Command.FIND_ELEMENT, {\"using\": by, \"value\": value})[\"value\"]\n/opt/hostedtoolcache/Python/3.11.11/x64/lib/python3.11/site-packages/selenium/webdriver/remote/webdriver.py:347: in execute\n    self.error_handler.check_response(response)\n_ _ _ _ _ _ _ _ _ _ _ _ _ _ _ _ _ _ _ _ _ _ _ _ _ _ _ _ _ _ _ _ _ _ _ _ _ _ _ _ \n\nself = <selenium.webdriver.remote.errorhandler.ErrorHandler object at 0x7f65f575d5d0>\nresponse = {'status': 404, 'value': '{\"value\":{\"error\":\"no such element\",\"message\":\"no such element: Unable to locate element: {\\...\\\\n#17 0x5598cd147646 \\\\u003Cunknown>\\\\n#18 0x7f881d89ca94 \\\\u003Cunknown>\\\\n#19 0x7f881d929c3c \\\\u003Cunknown>\\\\n\"}}'}\n\n    def check_response(self, response: Dict[str, Any]) -> None:\n        \"\"\"Checks that a JSON response from the WebDriver does not have an\n        error.\n    \n        :Args:\n         - response - The JSON response from the WebDriver server as a dictionary\n           object.\n    \n        :Raises: If the response contains an error message.\n        \"\"\"\n        status = response.get(\"status\", None)\n        if not status or status == ErrorCode.SUCCESS:\n            return\n        value = None\n        message = response.get(\"message\", \"\")\n        screen: str = response.get(\"screen\", \"\")\n        stacktrace = None\n        if isinstance(status, int):\n            value_json = response.get(\"value\", None)\n            if value_json and isinstance(value_json, str):\n                import json\n    \n                try:\n                    value = json.loads(value_json)\n                    if len(value) == 1:\n                        value = value[\"value\"]\n                    status = value.get(\"error\", None)\n                    if not status:\n                        status = value.get(\"status\", ErrorCode.UNKNOWN_ERROR)\n                        message = value.get(\"value\") or value.get(\"message\")\n                        if not isinstance(message, str):\n                            value = message\n                            message = message.get(\"message\")\n                    else:\n                        message = value.get(\"message\", None)\n                except ValueError:\n                    pass\n    \n        exception_class: Type[WebDriverException]\n        e = ErrorCode()\n        error_codes = [item for item in dir(e) if not item.startswith(\"__\")]\n        for error_code in error_codes:\n            error_info = getattr(ErrorCode, error_code)\n            if isinstance(error_info, list) and status in error_info:\n                exception_class = getattr(ExceptionMapping, error_code, WebDriverException)\n                break\n        else:\n            exception_class = WebDriverException\n    \n        if not value:\n            value = response[\"value\"]\n        if isinstance(value, str):\n            raise exception_class(value)\n        if message == \"\" and \"message\" in value:\n            message = value[\"message\"]\n    \n        screen = None  # type: ignore[assignment]\n        if \"screen\" in value:\n            screen = value[\"screen\"]\n    \n        stacktrace = None\n        st_value = value.get(\"stackTrace\") or value.get(\"stacktrace\")\n        if st_value:\n            if isinstance(st_value, str):\n                stacktrace = st_value.split(\"\\n\")\n            else:\n                stacktrace = []\n                try:\n                    for frame in st_value:\n                        line = frame.get(\"lineNumber\", \"\")\n                        file = frame.get(\"fileName\", \"<anonymous>\")\n                        if line:\n                            file = f\"{file}:{line}\"\n                        meth = frame.get(\"methodName\", \"<anonymous>\")\n                        if \"className\" in frame:\n                            meth = f\"{frame['className']}.{meth}\"\n                        msg = \"    at %s (%s)\"\n                        msg = msg % (meth, file)\n                        stacktrace.append(msg)\n                except TypeError:\n                    pass\n        if exception_class == UnexpectedAlertPresentException:\n            alert_text = None\n            if \"data\" in value:\n                alert_text = value[\"data\"].get(\"text\")\n            elif \"alert\" in value:\n                alert_text = value[\"alert\"].get(\"text\")\n            raise exception_class(message, screen, stacktrace, alert_text)  # type: ignore[call-arg]  # mypy is not smart enough here\n>       raise exception_class(message, screen, stacktrace)\nE       selenium.common.exceptions.NoSuchElementException: Message: no such element: Unable to locate element: {\"method\":\"xpath\",\"selector\":\"//li[@class='social_twitter']/a\"}\nE         (Session info: chrome=132.0.6834.83); For documentation on this error, please visit: https://www.selenium.dev/documentation/webdriver/troubleshooting/errors#no-such-element-exception\nE       Stacktrace:\nE       #0 0x5598cd1487ca <unknown>\nE       #1 0x5598ccc402f0 <unknown>\nE       #2 0x5598ccc90035 <unknown>\nE       #3 0x5598ccc90251 <unknown>\nE       #4 0x5598cccd6054 <unknown>\nE       #5 0x5598cccb49dd <unknown>\nE       #6 0x5598cccd33b3 <unknown>\nE       #7 0x5598cccb4753 <unknown>\nE       #8 0x5598ccc81baa <unknown>\nE       #9 0x5598ccc82dfe <unknown>\nE       #10 0x5598cd11338b <unknown>\nE       #11 0x5598cd117307 <unknown>\nE       #12 0x5598cd0ffe7c <unknown>\nE       #13 0x5598cd117ec7 <unknown>\nE       #14 0x5598cd0e424f <unknown>\nE       #15 0x5598cd1372f8 <unknown>\nE       #16 0x5598cd1374c0 <unknown>\nE       #17 0x5598cd147646 <unknown>\nE       #18 0x7f881d89ca94 <unknown>\nE       #19 0x7f881d929c3c <unknown>\n\n/opt/hostedtoolcache/Python/3.11.11/x64/lib/python3.11/site-packages/selenium/webdriver/remote/errorhandler.py:229: NoSuchElementException"}, "parameters": [{"name": "driver", "value": "'Chrome'"}], "start": 1737700026708, "stop": 1737700036742, "uuid": "8ebfbd0d-eabd-4032-af4d-7147442c29cb", "historyId": "f050d45845ad5be5eb6daa72e6bc38ca", "testCaseId": "4422df44c4acf0e782ea966d0fd7f232", "fullName": "Tests.test_SocialMediaLinks.TestLogin#test_2", "labels": [{"name": "severity", "value": "normal"}, {"name": "feature", "value": "Social Media Links"}, {"name": "parentSuite", "value": "Tests"}, {"name": "suite", "value": "test_SocialMediaLinks"}, {"name": "subSuite", "value": "TestLogin"}, {"name": "host", "value": "fv-az1372-303"}, {"name": "thread", "value": "1972-MainThread"}, {"name": "framework", "value": "pytest"}, {"name": "language", "value": "cpython3"}, {"name": "package", "value": "Tests.test_SocialMediaLinks"}]}