{"uid":"3746886c75112813","name":"Manually open new tab","fullName":"Tests.test_SocialMediaLinks.TestLogin#test_2","historyId":"f050d45845ad5be5eb6daa72e6bc38ca","time":{"start":1739674084744,"stop":1739674085794,"duration":1050},"status":"failed","statusMessage":"AssertionError: FAILURE: assert 'Profile' == 'Sauce Labs'\n  \n  - Sauce Labs\n  + Profile\ntest_SocialMediaLinks.py:37 in test_2() -> with check, allure.step(\"Check twitter heather tex\"):\ntest_SocialMediaLinks.py:38 in test_2 -> assert home_page_obj.get_twitter_heather_text() == \"Sauce Labs\"\nAssertionError: assert 'Profile' == 'Sauce Labs'\n  \n  - Sauce Labs\n  + Profile\n\n\n------------------------------------------------------------\nFailed Checks: 1","statusTrace":"FAILURE: assert 'Profile' == 'Sauce Labs'\n  \n  - Sauce Labs\n  + Profile\ntest_SocialMediaLinks.py:37 in test_2() -> with check, allure.step(\"Check twitter heather tex\"):\ntest_SocialMediaLinks.py:38 in test_2 -> assert home_page_obj.get_twitter_heather_text() == \"Sauce Labs\"\nAssertionError: assert 'Profile' == 'Sauce Labs'\n  \n  - Sauce Labs\n  + Profile\n\n\n------------------------------------------------------------\nFailed Checks: 1","flaky":false,"newFailed":false,"newBroken":false,"newPassed":false,"retriesCount":0,"retriesStatusChange":false,"beforeStages":[{"name":"driver","time":{"start":1739674081889,"stop":1739674082167,"duration":278},"status":"passed","steps":[],"attachments":[],"parameters":[],"shouldDisplayMessage":false,"stepsCount":0,"attachmentsCount":0,"hasContent":false,"attachmentStep":false}],"testStage":{"status":"failed","statusMessage":"AssertionError: FAILURE: assert 'Profile' == 'Sauce Labs'\n  \n  - Sauce Labs\n  + Profile\ntest_SocialMediaLinks.py:37 in test_2() -> with check, allure.step(\"Check twitter heather tex\"):\ntest_SocialMediaLinks.py:38 in test_2 -> assert home_page_obj.get_twitter_heather_text() == \"Sauce Labs\"\nAssertionError: assert 'Profile' == 'Sauce Labs'\n  \n  - Sauce Labs\n  + Profile\n\n\n------------------------------------------------------------\nFailed Checks: 1","statusTrace":"FAILURE: assert 'Profile' == 'Sauce Labs'\n  \n  - Sauce Labs\n  + Profile\ntest_SocialMediaLinks.py:37 in test_2() -> with check, allure.step(\"Check twitter heather tex\"):\ntest_SocialMediaLinks.py:38 in test_2 -> assert home_page_obj.get_twitter_heather_text() == \"Sauce Labs\"\nAssertionError: assert 'Profile' == 'Sauce Labs'\n  \n  - Sauce Labs\n  + Profile\n\n\n------------------------------------------------------------\nFailed Checks: 1","steps":[{"name":"Check twitter heather tex","time":{"start":1739674085256,"stop":1739674085737,"duration":481},"status":"failed","statusMessage":"AssertionError: assert 'Profile' == 'Sauce Labs'\n  \n  - Sauce Labs\n  + Profile\n","statusTrace":"  File \"/home/runner/work/new_demo_project/new_demo_project/Tests/test_SocialMediaLinks.py\", line 38, in test_2\n    assert home_page_obj.get_twitter_heather_text() == \"Sauce Labs\"\n","steps":[],"attachments":[],"parameters":[],"shouldDisplayMessage":true,"stepsCount":0,"attachmentsCount":0,"hasContent":true,"attachmentStep":false}],"attachments":[],"parameters":[],"shouldDisplayMessage":true,"stepsCount":1,"attachmentsCount":0,"hasContent":true,"attachmentStep":false},"afterStages":[{"name":"driver::0","time":{"start":1739674087767,"stop":1739674087836,"duration":69},"status":"passed","steps":[],"attachments":[],"parameters":[],"shouldDisplayMessage":false,"stepsCount":0,"attachmentsCount":0,"hasContent":false,"attachmentStep":false}],"labels":[{"name":"feature","value":"Social Media Links"},{"name":"severity","value":"normal"},{"name":"parentSuite","value":"Tests"},{"name":"suite","value":"test_SocialMediaLinks"},{"name":"subSuite","value":"TestLogin"},{"name":"host","value":"fv-az1335-749"},{"name":"thread","value":"1971-MainThread"},{"name":"framework","value":"pytest"},{"name":"language","value":"cpython3"},{"name":"package","value":"Tests.test_SocialMediaLinks"},{"name":"resultFormat","value":"allure2"}],"parameters":[{"name":"driver","value":"'Chrome'"}],"links":[],"hidden":false,"retry":false,"extra":{"severity":"normal","retries":[],"categories":[{"name":"Product defects","matchedStatuses":[],"flaky":false}],"history":{"statistic":{"failed":3,"broken":4,"skipped":0,"passed":0,"unknown":0,"total":7},"items":[{"uid":"23ba6ef4a953cc9e","reportUrl":"https://Simeon-Zografov.github.io/new_demo_project/13//#testresult/23ba6ef4a953cc9e","status":"failed","statusDetails":"AssertionError: FAILURE: assert 'Profile' == 'Sauce Labs'\n  \n  - Sauce Labs\n  + Profile\ntest_SocialMediaLinks.py:37 in test_2() -> with check, allure.step(\"Check twitter heather tex\"):\ntest_SocialMediaLinks.py:38 in test_2 -> assert home_page_obj.get_twitter_heather_text() == \"Sauce Labs\"\nAssertionError: assert 'Profile' == 'Sauce Labs'\n  \n  - Sauce Labs\n  + Profile\n\n\n------------------------------------------------------------\nFailed Checks: 1","time":{"start":1739069032603,"stop":1739069033740,"duration":1137}},{"uid":"3a0032d36c2c00f0","reportUrl":"https://Simeon-Zografov.github.io/new_demo_project/12//#testresult/3a0032d36c2c00f0","status":"broken","statusDetails":"selenium.common.exceptions.StaleElementReferenceException: Message: stale element reference: stale element not found in the current frame\n  (Session info: chrome=132.0.6834.110); For documentation on this error, please visit: https://www.selenium.dev/documentation/webdriver/troubleshooting/errors#stale-element-reference-exception\nStacktrace:\n#0 0x55658aeabdca <unknown>\n#1 0x55658a9a23f0 <unknown>\n#2 0x55658a9a83ea <unknown>\n#3 0x55658a9aaa78 <unknown>\n#4 0x55658a9aab03 <unknown>\n#5 0x55658a9ec6d8 <unknown>\n#6 0x55658aa16a92 <unknown>\n#7 0x55658a9e5c48 <unknown>\n#8 0x55658aa16c5e <unknown>\n#9 0x55658aa354b3 <unknown>\n#10 0x55658aa16833 <unknown>\n#11 0x55658a9e35a0 <unknown>\n#12 0x55658a9e4ece <unknown>\n#13 0x55658ae75bdb <unknown>\n#14 0x55658ae79b67 <unknown>\n#15 0x55658ae613bc <unknown>\n#16 0x55658ae7a727 <unknown>\n#17 0x55658ae4574f <unknown>\n#18 0x55658ae9a938 <unknown>\n#19 0x55658ae9ab00 <unknown>\n#20 0x55658aeaac46 <unknown>\n#21 0x7f5d7889ca94 <unknown>\n#22 0x7f5d78929c3c <unknown>","time":{"start":1738464109963,"stop":1738464111095,"duration":1132}},{"uid":"f0f92ff66ab63dd0","reportUrl":"https://Simeon-Zografov.github.io/new_demo_project/8//#testresult/f0f92ff66ab63dd0","status":"broken","statusDetails":"selenium.common.exceptions.NoSuchElementException: Message: no such element: Unable to locate element: {\"method\":\"xpath\",\"selector\":\"//li[@class='social_twitter']/a\"}\n  (Session info: chrome=132.0.6834.83); For documentation on this error, please visit: https://www.selenium.dev/documentation/webdriver/troubleshooting/errors#no-such-element-exception\nStacktrace:\n#0 0x562d4ee737ca <unknown>\n#1 0x562d4e96b2f0 <unknown>\n#2 0x562d4e9bb035 <unknown>\n#3 0x562d4e9bb251 <unknown>\n#4 0x562d4ea01054 <unknown>\n#5 0x562d4e9df9dd <unknown>\n#6 0x562d4e9fe3b3 <unknown>\n#7 0x562d4e9df753 <unknown>\n#8 0x562d4e9acbaa <unknown>\n#9 0x562d4e9addfe <unknown>\n#10 0x562d4ee3e38b <unknown>\n#11 0x562d4ee42307 <unknown>\n#12 0x562d4ee2ae7c <unknown>\n#13 0x562d4ee42ec7 <unknown>\n#14 0x562d4ee0f24f <unknown>\n#15 0x562d4ee622f8 <unknown>\n#16 0x562d4ee624c0 <unknown>\n#17 0x562d4ee72646 <unknown>\n#18 0x7f2b2a49ca94 <unknown>\n#19 0x7f2b2a529c3c <unknown>","time":{"start":1737859324584,"stop":1737859334614,"duration":10030}},{"uid":"af51ed185a0d16ca","reportUrl":"https://Simeon-Zografov.github.io/new_demo_project/7//#testresult/af51ed185a0d16ca","status":"failed","statusDetails":"AssertionError: FAILURE: assert 'Profile' == 'Sauce Labs'\n  \n  - Sauce Labs\n  + Profile\ntest_SocialMediaLinks.py:37 in test_2() -> with check, allure.step(\"Check twitter heather tex\"):\ntest_SocialMediaLinks.py:38 in test_2 -> assert home_page_obj.get_twitter_heather_text() == \"Sauce Labs\"\nAssertionError: assert 'Profile' == 'Sauce Labs'\n  \n  - Sauce Labs\n  + Profile\n\n\n------------------------------------------------------------\nFailed Checks: 1","time":{"start":1737703744377,"stop":1737703745377,"duration":1000}},{"uid":"46aea2fe7352637f","reportUrl":"https://Simeon-Zografov.github.io/new_demo_project/6//#testresult/46aea2fe7352637f","status":"broken","statusDetails":"selenium.common.exceptions.StaleElementReferenceException: Message: stale element reference: stale element not found in the current frame\n  (Session info: chrome=132.0.6834.83); For documentation on this error, please visit: https://www.selenium.dev/documentation/webdriver/troubleshooting/errors#stale-element-reference-exception\nStacktrace:\n#0 0x55cddd87b7ca <unknown>\n#1 0x55cddd3732f0 <unknown>\n#2 0x55cddd3792f1 <unknown>\n#3 0x55cddd37b988 <unknown>\n#4 0x55cddd37ba13 <unknown>\n#5 0x55cddd3bd608 <unknown>\n#6 0x55cddd3e79b2 <unknown>\n#7 0x55cddd3b6b78 <unknown>\n#8 0x55cddd3e7b7e <unknown>\n#9 0x55cddd4063b3 <unknown>\n#10 0x55cddd3e7753 <unknown>\n#11 0x55cddd3b4baa <unknown>\n#12 0x55cddd3b5dfe <unknown>\n#13 0x55cddd84638b <unknown>\n#14 0x55cddd84a307 <unknown>\n#15 0x55cddd832e7c <unknown>\n#16 0x55cddd84aec7 <unknown>\n#17 0x55cddd81724f <unknown>\n#18 0x55cddd86a2f8 <unknown>\n#19 0x55cddd86a4c0 <unknown>\n#20 0x55cddd87a646 <unknown>\n#21 0x7f68ca49ca94 <unknown>\n#22 0x7f68ca529c3c <unknown>","time":{"start":1737700591126,"stop":1737700592227,"duration":1101}},{"uid":"4611423cf52382af","reportUrl":"https://Simeon-Zografov.github.io/new_demo_project/5//#testresult/4611423cf52382af","status":"broken","statusDetails":"selenium.common.exceptions.NoSuchElementException: Message: no such element: Unable to locate element: {\"method\":\"xpath\",\"selector\":\"//li[@class='social_twitter']/a\"}\n  (Session info: chrome=132.0.6834.83); For documentation on this error, please visit: https://www.selenium.dev/documentation/webdriver/troubleshooting/errors#no-such-element-exception\nStacktrace:\n#0 0x5598cd1487ca <unknown>\n#1 0x5598ccc402f0 <unknown>\n#2 0x5598ccc90035 <unknown>\n#3 0x5598ccc90251 <unknown>\n#4 0x5598cccd6054 <unknown>\n#5 0x5598cccb49dd <unknown>\n#6 0x5598cccd33b3 <unknown>\n#7 0x5598cccb4753 <unknown>\n#8 0x5598ccc81baa <unknown>\n#9 0x5598ccc82dfe <unknown>\n#10 0x5598cd11338b <unknown>\n#11 0x5598cd117307 <unknown>\n#12 0x5598cd0ffe7c <unknown>\n#13 0x5598cd117ec7 <unknown>\n#14 0x5598cd0e424f <unknown>\n#15 0x5598cd1372f8 <unknown>\n#16 0x5598cd1374c0 <unknown>\n#17 0x5598cd147646 <unknown>\n#18 0x7f881d89ca94 <unknown>\n#19 0x7f881d929c3c <unknown>","time":{"start":1737700026708,"stop":1737700036742,"duration":10034}}]},"tags":[]},"source":"3746886c75112813.json","parameterValues":["'Chrome'"]}